161012 17:32:37 [Note] \bin\mysqld-opt.exe: ready for connections.
Version: '5.0.67-community-nt'  socket: ''  port: 3311  MySQL Community Edition (GPL)
161111  1:06:10 [Note] \bin\mysqld-opt.exe: ready for connections.
Version: '5.0.67-community-nt'  socket: ''  port: 3311  MySQL Community Edition (GPL)
161112  0:10:58 [Note] \bin\mysqld-opt.exe: ready for connections.
Version: '5.0.67-community-nt'  socket: ''  port: 3311  MySQL Community Edition (GPL)
161112  1:49:42 [Note] \bin\mysqld-opt.exe: Normal shutdown

161112  1:49:42 [Note] \bin\mysqld-opt.exe: Shutdown complete

161112  2:16:39 [Note] \bin\mysqld-opt.exe: ready for connections.
Version: '5.0.67-community-nt'  socket: ''  port: 3311  MySQL Community Edition (GPL)
161112  2:27:49 [Note] \bin\mysqld-opt.exe: Normal shutdown

161112  2:27:49 [Note] \bin\mysqld-opt.exe: Shutdown complete

161114 19:48:30 [Note] \bin\mysqld-opt.exe: ready for connections.
Version: '5.0.67-community-nt'  socket: ''  port: 3311  MySQL Community Edition (GPL)
161118  0:54:55 [Note] \bin\mysqld-opt.exe: ready for connections.
Version: '5.0.67-community-nt'  socket: ''  port: 3311  MySQL Community Edition (GPL)
161211  0:13:55 [Note] \bin\mysqld-opt.exe: ready for connections.
Version: '5.0.67-community-nt'  socket: ''  port: 3311  MySQL Community Edition (GPL)
161211  0:26:36 [Note] \bin\mysqld-opt.exe: Normal shutdown

161211  0:26:36 [Note] \bin\mysqld-opt.exe: Shutdown complete

